2021-02-18 23:47:06,576 [INFO]  
========== start: fit model
2021-02-18 23:47:06,576 [WARNING]  Already bound, ignoring bind()
2021-02-18 23:47:06,867 [INFO]  Epoch[0] Batch [0-42]	Speed: 2388.15 samples/sec	cross-entropy=7.346287	noDescription-accuracy=0.000000
2021-02-18 23:47:07,144 [INFO]  Epoch[0] Train-cross-entropy=5.350312
2021-02-18 23:47:07,144 [INFO]  Epoch[0] Train-noDescription-accuracy=0.000000
2021-02-18 23:47:07,144 [INFO]  Epoch[0] Time cost=0.567
2021-02-18 23:47:07,147 [INFO]  Saved checkpoint to "./noDescription/model-0000.params"
2021-02-18 23:47:07,208 [INFO]  Epoch[0] Validation-cross-entropy=3.355205
2021-02-18 23:47:07,208 [INFO]  Epoch[0] Validation-noDescription-accuracy=0.000000
2021-02-18 23:47:07,497 [INFO]  Epoch[1] Batch [0-42]	Speed: 2380.04 samples/sec	cross-entropy=2.963980	noDescription-accuracy=0.000000
2021-02-18 23:47:07,771 [INFO]  Epoch[1] Train-cross-entropy=2.519216
2021-02-18 23:47:07,771 [INFO]  Epoch[1] Train-noDescription-accuracy=0.000000
2021-02-18 23:47:07,771 [INFO]  Epoch[1] Time cost=0.563
2021-02-18 23:47:07,773 [INFO]  Saved checkpoint to "./noDescription/model-0001.params"
2021-02-18 23:47:07,834 [INFO]  Epoch[1] Validation-cross-entropy=2.235113
2021-02-18 23:47:07,834 [INFO]  Epoch[1] Validation-noDescription-accuracy=0.000000
2021-02-18 23:47:08,123 [INFO]  Epoch[2] Batch [0-42]	Speed: 2388.36 samples/sec	cross-entropy=1.791854	noDescription-accuracy=0.000000
2021-02-18 23:47:08,397 [INFO]  Epoch[2] Train-cross-entropy=1.521103
2021-02-18 23:47:08,397 [INFO]  Epoch[2] Train-noDescription-accuracy=0.000000
2021-02-18 23:47:08,397 [INFO]  Epoch[2] Time cost=0.562
2021-02-18 23:47:08,399 [INFO]  Saved checkpoint to "./noDescription/model-0002.params"
2021-02-18 23:47:08,459 [INFO]  Epoch[2] Validation-cross-entropy=1.511467
2021-02-18 23:47:08,459 [INFO]  Epoch[2] Validation-noDescription-accuracy=0.000000
2021-02-18 23:47:08,748 [INFO]  Epoch[3] Batch [0-42]	Speed: 2388.19 samples/sec	cross-entropy=1.059935	noDescription-accuracy=0.000000
2021-02-18 23:47:09,023 [INFO]  Epoch[3] Train-cross-entropy=0.929004
2021-02-18 23:47:09,026 [INFO]  Epoch[3] Train-noDescription-accuracy=0.000000
2021-02-18 23:47:09,026 [INFO]  Epoch[3] Time cost=0.566
2021-02-18 23:47:09,028 [INFO]  Saved checkpoint to "./noDescription/model-0003.params"
2021-02-18 23:47:09,090 [INFO]  Epoch[3] Validation-cross-entropy=1.099491
2021-02-18 23:47:09,090 [INFO]  Epoch[3] Validation-noDescription-accuracy=0.000000
2021-02-18 23:47:09,377 [INFO]  Epoch[4] Batch [0-42]	Speed: 2394.76 samples/sec	cross-entropy=0.699989	noDescription-accuracy=0.000000
2021-02-18 23:47:09,652 [INFO]  Epoch[4] Train-cross-entropy=0.687442
2021-02-18 23:47:09,653 [INFO]  Epoch[4] Train-noDescription-accuracy=0.000000
2021-02-18 23:47:09,653 [INFO]  Epoch[4] Time cost=0.563
2021-02-18 23:47:09,655 [INFO]  Saved checkpoint to "./noDescription/model-0004.params"
2021-02-18 23:47:09,715 [INFO]  Epoch[4] Validation-cross-entropy=0.869531
2021-02-18 23:47:09,715 [INFO]  Epoch[4] Validation-noDescription-accuracy=0.000000
2021-02-18 23:47:10,003 [INFO]  Epoch[5] Batch [0-42]	Speed: 2398.08 samples/sec	cross-entropy=0.552018	noDescription-accuracy=0.000000
2021-02-18 23:47:10,279 [INFO]  Epoch[5] Train-cross-entropy=0.564863
2021-02-18 23:47:10,279 [INFO]  Epoch[5] Train-noDescription-accuracy=0.000000
2021-02-18 23:47:10,279 [INFO]  Epoch[5] Time cost=0.563
2021-02-18 23:47:10,282 [INFO]  Saved checkpoint to "./noDescription/model-0005.params"
2021-02-18 23:47:10,343 [INFO]  Epoch[5] Validation-cross-entropy=0.739584
2021-02-18 23:47:10,343 [INFO]  Epoch[5] Validation-noDescription-accuracy=0.000000
2021-02-18 23:47:10,630 [INFO]  Epoch[6] Batch [0-42]	Speed: 2395.23 samples/sec	cross-entropy=0.460867	noDescription-accuracy=0.000000
2021-02-18 23:47:10,905 [INFO]  Epoch[6] Train-cross-entropy=0.482396
2021-02-18 23:47:10,905 [INFO]  Epoch[6] Train-noDescription-accuracy=0.000000
2021-02-18 23:47:10,905 [INFO]  Epoch[6] Time cost=0.562
2021-02-18 23:47:10,907 [INFO]  Saved checkpoint to "./noDescription/model-0006.params"
2021-02-18 23:47:10,968 [INFO]  Epoch[6] Validation-cross-entropy=0.635754
2021-02-18 23:47:10,968 [INFO]  Epoch[6] Validation-noDescription-accuracy=0.000000
2021-02-18 23:47:11,257 [INFO]  Epoch[7] Batch [0-42]	Speed: 2386.20 samples/sec	cross-entropy=0.386423	noDescription-accuracy=0.000000
2021-02-18 23:47:11,530 [INFO]  Epoch[7] Train-cross-entropy=0.421292
2021-02-18 23:47:11,530 [INFO]  Epoch[7] Train-noDescription-accuracy=0.000000
2021-02-18 23:47:11,530 [INFO]  Epoch[7] Time cost=0.562
2021-02-18 23:47:11,532 [INFO]  Saved checkpoint to "./noDescription/model-0007.params"
2021-02-18 23:47:11,592 [INFO]  Epoch[7] Validation-cross-entropy=0.542792
2021-02-18 23:47:11,593 [INFO]  Epoch[7] Validation-noDescription-accuracy=0.000000
2021-02-18 23:47:11,881 [INFO]  Epoch[8] Batch [0-42]	Speed: 2382.96 samples/sec	cross-entropy=0.333563	noDescription-accuracy=0.000000
2021-02-18 23:47:12,157 [INFO]  Epoch[8] Train-cross-entropy=0.409463
2021-02-18 23:47:12,157 [INFO]  Epoch[8] Train-noDescription-accuracy=0.000000
2021-02-18 23:47:12,157 [INFO]  Epoch[8] Time cost=0.564
2021-02-18 23:47:12,159 [INFO]  Saved checkpoint to "./noDescription/model-0008.params"
2021-02-18 23:47:12,219 [INFO]  Epoch[8] Validation-cross-entropy=0.501170
2021-02-18 23:47:12,220 [INFO]  Epoch[8] Validation-noDescription-accuracy=0.000000
2021-02-18 23:47:12,507 [INFO]  Epoch[9] Batch [0-42]	Speed: 2394.97 samples/sec	cross-entropy=0.282389	noDescription-accuracy=0.000000
2021-02-18 23:47:12,783 [INFO]  Epoch[9] Train-cross-entropy=0.337977
2021-02-18 23:47:12,783 [INFO]  Epoch[9] Train-noDescription-accuracy=0.000000
2021-02-18 23:47:12,783 [INFO]  Epoch[9] Time cost=0.564
2021-02-18 23:47:12,786 [INFO]  Saved checkpoint to "./noDescription/model-0009.params"
2021-02-18 23:47:12,847 [INFO]  Epoch[9] Validation-cross-entropy=0.435679
2021-02-18 23:47:12,848 [INFO]  Epoch[9] Validation-noDescription-accuracy=0.000000
2021-02-18 23:47:13,136 [INFO]  Epoch[10] Batch [0-42]	Speed: 2393.03 samples/sec	cross-entropy=0.255621	noDescription-accuracy=0.000000
2021-02-18 23:47:13,410 [INFO]  Epoch[10] Train-cross-entropy=0.322518
2021-02-18 23:47:13,410 [INFO]  Epoch[10] Train-noDescription-accuracy=0.000000
2021-02-18 23:47:13,410 [INFO]  Epoch[10] Time cost=0.562
2021-02-18 23:47:13,412 [INFO]  Saved checkpoint to "./noDescription/model-0010.params"
2021-02-18 23:47:13,473 [INFO]  Epoch[10] Validation-cross-entropy=0.375520
2021-02-18 23:47:13,473 [INFO]  Epoch[10] Validation-noDescription-accuracy=0.000000
2021-02-18 23:47:13,761 [INFO]  Epoch[11] Batch [0-42]	Speed: 2392.43 samples/sec	cross-entropy=0.233521	noDescription-accuracy=0.000000
2021-02-18 23:47:14,036 [INFO]  Epoch[11] Train-cross-entropy=0.328640
2021-02-18 23:47:14,036 [INFO]  Epoch[11] Train-noDescription-accuracy=0.000000
2021-02-18 23:47:14,036 [INFO]  Epoch[11] Time cost=0.563
2021-02-18 23:47:14,038 [INFO]  Saved checkpoint to "./noDescription/model-0011.params"
2021-02-18 23:47:14,099 [INFO]  Epoch[11] Validation-cross-entropy=0.351555
2021-02-18 23:47:14,100 [INFO]  Epoch[11] Validation-noDescription-accuracy=0.000000
2021-02-18 23:47:14,403 [INFO]  Epoch[12] Batch [0-42]	Speed: 2265.57 samples/sec	cross-entropy=0.212672	noDescription-accuracy=0.000000
2021-02-18 23:47:14,695 [INFO]  Epoch[12] Train-cross-entropy=0.317080
2021-02-18 23:47:14,695 [INFO]  Epoch[12] Train-noDescription-accuracy=0.000000
2021-02-18 23:47:14,695 [INFO]  Epoch[12] Time cost=0.595
2021-02-18 23:47:14,697 [INFO]  Saved checkpoint to "./noDescription/model-0012.params"
2021-02-18 23:47:14,757 [INFO]  Epoch[12] Validation-cross-entropy=0.344439
2021-02-18 23:47:14,757 [INFO]  Epoch[12] Validation-noDescription-accuracy=0.000000
2021-02-18 23:47:15,038 [INFO]  Epoch[13] Batch [0-42]	Speed: 2447.00 samples/sec	cross-entropy=0.182525	noDescription-accuracy=0.000000
2021-02-18 23:47:15,333 [INFO]  Epoch[13] Train-cross-entropy=0.252275
2021-02-18 23:47:15,333 [INFO]  Epoch[13] Train-noDescription-accuracy=0.000000
2021-02-18 23:47:15,333 [INFO]  Epoch[13] Time cost=0.576
2021-02-18 23:47:15,337 [INFO]  Saved checkpoint to "./noDescription/model-0013.params"
2021-02-18 23:47:15,396 [INFO]  Epoch[13] Validation-cross-entropy=0.293555
2021-02-18 23:47:15,396 [INFO]  Epoch[13] Validation-noDescription-accuracy=0.000000
2021-02-18 23:47:15,689 [INFO]  Epoch[14] Batch [0-42]	Speed: 2346.60 samples/sec	cross-entropy=0.152328	noDescription-accuracy=0.000000
2021-02-18 23:47:16,039 [INFO]  Epoch[14] Train-cross-entropy=0.217816
2021-02-18 23:47:16,039 [INFO]  Epoch[14] Train-noDescription-accuracy=0.000000
2021-02-18 23:47:16,039 [INFO]  Epoch[14] Time cost=0.643
2021-02-18 23:47:16,044 [INFO]  Saved checkpoint to "./noDescription/model-0014.params"
2021-02-18 23:47:16,112 [INFO]  Epoch[14] Validation-cross-entropy=0.267964
2021-02-18 23:47:16,112 [INFO]  Epoch[14] Validation-noDescription-accuracy=0.000000
2021-02-18 23:47:16,412 [INFO]  Epoch[15] Batch [0-42]	Speed: 2286.69 samples/sec	cross-entropy=0.135833	noDescription-accuracy=0.000000
2021-02-18 23:47:16,701 [INFO]  Epoch[15] Train-cross-entropy=0.200452
2021-02-18 23:47:16,701 [INFO]  Epoch[15] Train-noDescription-accuracy=0.000000
2021-02-18 23:47:16,701 [INFO]  Epoch[15] Time cost=0.589
2021-02-18 23:47:16,703 [INFO]  Saved checkpoint to "./noDescription/model-0015.params"
2021-02-18 23:47:16,765 [INFO]  Epoch[15] Validation-cross-entropy=0.246962
2021-02-18 23:47:16,766 [INFO]  Epoch[15] Validation-noDescription-accuracy=0.000000
2021-02-18 23:47:17,156 [INFO]  Epoch[16] Batch [0-42]	Speed: 1774.41 samples/sec	cross-entropy=0.123099	noDescription-accuracy=0.000000
2021-02-18 23:47:17,441 [INFO]  Epoch[16] Train-cross-entropy=0.187249
2021-02-18 23:47:17,441 [INFO]  Epoch[16] Train-noDescription-accuracy=0.000000
2021-02-18 23:47:17,441 [INFO]  Epoch[16] Time cost=0.676
2021-02-18 23:47:17,443 [INFO]  Saved checkpoint to "./noDescription/model-0016.params"
2021-02-18 23:47:17,504 [INFO]  Epoch[16] Validation-cross-entropy=0.230607
2021-02-18 23:47:17,504 [INFO]  Epoch[16] Validation-noDescription-accuracy=0.000000
2021-02-18 23:47:17,801 [INFO]  Epoch[17] Batch [0-42]	Speed: 2319.85 samples/sec	cross-entropy=0.112446	noDescription-accuracy=0.000000
2021-02-18 23:47:18,099 [INFO]  Epoch[17] Train-cross-entropy=0.177001
2021-02-18 23:47:18,099 [INFO]  Epoch[17] Train-noDescription-accuracy=0.000000
2021-02-18 23:47:18,099 [INFO]  Epoch[17] Time cost=0.596
2021-02-18 23:47:18,103 [INFO]  Saved checkpoint to "./noDescription/model-0017.params"
2021-02-18 23:47:18,167 [INFO]  Epoch[17] Validation-cross-entropy=0.213602
2021-02-18 23:47:18,167 [INFO]  Epoch[17] Validation-noDescription-accuracy=0.000000
2021-02-18 23:47:18,493 [INFO]  Epoch[18] Batch [0-42]	Speed: 2105.38 samples/sec	cross-entropy=0.103724	noDescription-accuracy=0.000000
2021-02-18 23:47:18,801 [INFO]  Epoch[18] Train-cross-entropy=0.167003
2021-02-18 23:47:18,802 [INFO]  Epoch[18] Train-noDescription-accuracy=0.000000
2021-02-18 23:47:18,802 [INFO]  Epoch[18] Time cost=0.635
2021-02-18 23:47:18,804 [INFO]  Saved checkpoint to "./noDescription/model-0018.params"
2021-02-18 23:47:18,870 [INFO]  Epoch[18] Validation-cross-entropy=0.199439
2021-02-18 23:47:18,870 [INFO]  Epoch[18] Validation-noDescription-accuracy=0.000000
2021-02-18 23:47:19,163 [INFO]  Epoch[19] Batch [0-42]	Speed: 2354.42 samples/sec	cross-entropy=0.097331	noDescription-accuracy=0.000000
2021-02-18 23:47:19,432 [INFO]  Epoch[19] Train-cross-entropy=0.160535
2021-02-18 23:47:19,432 [INFO]  Epoch[19] Train-noDescription-accuracy=0.000000
2021-02-18 23:47:19,432 [INFO]  Epoch[19] Time cost=0.562
2021-02-18 23:47:19,434 [INFO]  Saved checkpoint to "./noDescription/model-0019.params"
2021-02-18 23:47:19,494 [INFO]  Epoch[19] Validation-cross-entropy=0.187879
2021-02-18 23:47:19,494 [INFO]  Epoch[19] Validation-noDescription-accuracy=0.000000
2021-02-18 23:47:19,790 [INFO]  Epoch[20] Batch [0-42]	Speed: 2325.97 samples/sec	cross-entropy=0.090763	noDescription-accuracy=0.000000
2021-02-18 23:47:20,077 [INFO]  Epoch[20] Train-cross-entropy=0.153417
2021-02-18 23:47:20,077 [INFO]  Epoch[20] Train-noDescription-accuracy=0.000000
2021-02-18 23:47:20,077 [INFO]  Epoch[20] Time cost=0.583
2021-02-18 23:47:20,080 [INFO]  Saved checkpoint to "./noDescription/model-0020.params"
2021-02-18 23:47:20,143 [INFO]  Epoch[20] Validation-cross-entropy=0.176685
2021-02-18 23:47:20,143 [INFO]  Epoch[20] Validation-noDescription-accuracy=0.000000
2021-02-18 23:47:20,434 [INFO]  Epoch[21] Batch [0-42]	Speed: 2374.21 samples/sec	cross-entropy=0.086275	noDescription-accuracy=0.000000
2021-02-18 23:47:20,741 [INFO]  Epoch[21] Train-cross-entropy=0.148612
2021-02-18 23:47:20,741 [INFO]  Epoch[21] Train-noDescription-accuracy=0.000000
2021-02-18 23:47:20,741 [INFO]  Epoch[21] Time cost=0.598
2021-02-18 23:47:20,744 [INFO]  Saved checkpoint to "./noDescription/model-0021.params"
2021-02-18 23:47:20,807 [INFO]  Epoch[21] Validation-cross-entropy=0.164855
2021-02-18 23:47:20,807 [INFO]  Epoch[21] Validation-noDescription-accuracy=0.000000
2021-02-18 23:47:21,112 [INFO]  Epoch[22] Batch [0-42]	Speed: 2259.64 samples/sec	cross-entropy=0.079588	noDescription-accuracy=0.000000
2021-02-18 23:47:21,429 [INFO]  Epoch[22] Train-cross-entropy=0.152695
2021-02-18 23:47:21,430 [INFO]  Epoch[22] Train-noDescription-accuracy=0.000000
2021-02-18 23:47:21,430 [INFO]  Epoch[22] Time cost=0.622
2021-02-18 23:47:21,432 [INFO]  Saved checkpoint to "./noDescription/model-0022.params"
2021-02-18 23:47:21,495 [INFO]  Epoch[22] Validation-cross-entropy=0.166338
2021-02-18 23:47:21,495 [INFO]  Epoch[22] Validation-noDescription-accuracy=0.000000
2021-02-18 23:47:21,787 [INFO]  Epoch[23] Batch [0-42]	Speed: 2357.58 samples/sec	cross-entropy=0.101729	noDescription-accuracy=0.000000
2021-02-18 23:47:22,055 [INFO]  Epoch[23] Train-cross-entropy=0.190613
2021-02-18 23:47:22,055 [INFO]  Epoch[23] Train-noDescription-accuracy=0.000000
2021-02-18 23:47:22,055 [INFO]  Epoch[23] Time cost=0.560
2021-02-18 23:47:22,057 [INFO]  Saved checkpoint to "./noDescription/model-0023.params"
2021-02-18 23:47:22,117 [INFO]  Epoch[23] Validation-cross-entropy=0.155045
2021-02-18 23:47:22,117 [INFO]  Epoch[23] Validation-noDescription-accuracy=0.000000
2021-02-18 23:47:22,396 [INFO]  Epoch[24] Batch [0-42]	Speed: 2465.06 samples/sec	cross-entropy=0.082747	noDescription-accuracy=0.000000
2021-02-18 23:47:22,748 [INFO]  Epoch[24] Train-cross-entropy=0.140584
2021-02-18 23:47:22,748 [INFO]  Epoch[24] Train-noDescription-accuracy=0.000000
2021-02-18 23:47:22,748 [INFO]  Epoch[24] Time cost=0.631
2021-02-18 23:47:22,750 [INFO]  Saved checkpoint to "./noDescription/model-0024.params"
2021-02-18 23:47:22,809 [INFO]  Epoch[24] Validation-cross-entropy=0.151017
2021-02-18 23:47:22,809 [INFO]  Epoch[24] Validation-noDescription-accuracy=0.000000
2021-02-18 23:47:23,104 [INFO]  Epoch[25] Batch [0-42]	Speed: 2331.56 samples/sec	cross-entropy=0.074171	noDescription-accuracy=0.000000
2021-02-18 23:47:23,405 [INFO]  Epoch[25] Train-cross-entropy=0.150382
2021-02-18 23:47:23,405 [INFO]  Epoch[25] Train-noDescription-accuracy=0.000000
2021-02-18 23:47:23,405 [INFO]  Epoch[25] Time cost=0.596
2021-02-18 23:47:23,409 [INFO]  Saved checkpoint to "./noDescription/model-0025.params"
2021-02-18 23:47:23,485 [INFO]  Epoch[25] Validation-cross-entropy=0.141845
2021-02-18 23:47:23,485 [INFO]  Epoch[25] Validation-noDescription-accuracy=0.000000
2021-02-18 23:47:23,786 [INFO]  Epoch[26] Batch [0-42]	Speed: 2282.64 samples/sec	cross-entropy=0.076544	noDescription-accuracy=0.000000
2021-02-18 23:47:24,063 [INFO]  Epoch[26] Train-cross-entropy=0.155593
2021-02-18 23:47:24,063 [INFO]  Epoch[26] Train-noDescription-accuracy=0.000000
2021-02-18 23:47:24,063 [INFO]  Epoch[26] Time cost=0.579
2021-02-18 23:47:24,066 [INFO]  Saved checkpoint to "./noDescription/model-0026.params"
2021-02-18 23:47:24,132 [INFO]  Epoch[26] Validation-cross-entropy=0.133847
2021-02-18 23:47:24,133 [INFO]  Epoch[26] Validation-noDescription-accuracy=0.000000
2021-02-18 23:47:24,412 [INFO]  Epoch[27] Batch [0-42]	Speed: 2462.75 samples/sec	cross-entropy=0.063678	noDescription-accuracy=0.000000
2021-02-18 23:47:24,679 [INFO]  Epoch[27] Train-cross-entropy=0.137468
2021-02-18 23:47:24,679 [INFO]  Epoch[27] Train-noDescription-accuracy=0.000000
2021-02-18 23:47:24,679 [INFO]  Epoch[27] Time cost=0.546
2021-02-18 23:47:24,681 [INFO]  Saved checkpoint to "./noDescription/model-0027.params"
2021-02-18 23:47:24,740 [INFO]  Epoch[27] Validation-cross-entropy=0.133690
2021-02-18 23:47:24,740 [INFO]  Epoch[27] Validation-noDescription-accuracy=0.000000
2021-02-18 23:47:25,020 [INFO]  Epoch[28] Batch [0-42]	Speed: 2458.26 samples/sec	cross-entropy=0.065021	noDescription-accuracy=0.000000
2021-02-18 23:47:25,287 [INFO]  Epoch[28] Train-cross-entropy=0.128771
2021-02-18 23:47:25,287 [INFO]  Epoch[28] Train-noDescription-accuracy=0.000000
2021-02-18 23:47:25,287 [INFO]  Epoch[28] Time cost=0.547
2021-02-18 23:47:25,291 [INFO]  Saved checkpoint to "./noDescription/model-0028.params"
2021-02-18 23:47:25,349 [INFO]  Epoch[28] Validation-cross-entropy=0.129065
2021-02-18 23:47:25,350 [INFO]  Epoch[28] Validation-noDescription-accuracy=0.000000
2021-02-18 23:47:25,634 [INFO]  Epoch[29] Batch [0-42]	Speed: 2421.72 samples/sec	cross-entropy=0.058258	noDescription-accuracy=0.000000
2021-02-18 23:47:25,900 [INFO]  Epoch[29] Train-cross-entropy=0.120798
2021-02-18 23:47:25,900 [INFO]  Epoch[29] Train-noDescription-accuracy=0.000000
2021-02-18 23:47:25,900 [INFO]  Epoch[29] Time cost=0.551
2021-02-18 23:47:25,902 [INFO]  Saved checkpoint to "./noDescription/model-0029.params"
2021-02-18 23:47:25,962 [INFO]  Epoch[29] Validation-cross-entropy=0.121225
2021-02-18 23:47:25,962 [INFO]  Epoch[29] Validation-noDescription-accuracy=0.000000
2021-02-18 23:47:26,242 [INFO]  Epoch[30] Batch [0-42]	Speed: 2453.78 samples/sec	cross-entropy=0.054950	noDescription-accuracy=0.000000
2021-02-18 23:47:26,529 [INFO]  Epoch[30] Train-cross-entropy=0.118722
2021-02-18 23:47:26,529 [INFO]  Epoch[30] Train-noDescription-accuracy=0.000000
2021-02-18 23:47:26,529 [INFO]  Epoch[30] Time cost=0.567
2021-02-18 23:47:26,531 [INFO]  Saved checkpoint to "./noDescription/model-0030.params"
2021-02-18 23:47:26,594 [INFO]  Epoch[30] Validation-cross-entropy=0.117459
2021-02-18 23:47:26,594 [INFO]  Epoch[30] Validation-noDescription-accuracy=0.000000
2021-02-18 23:47:26,880 [INFO]  Epoch[31] Batch [0-42]	Speed: 2409.25 samples/sec	cross-entropy=0.053355	noDescription-accuracy=0.000000
2021-02-18 23:47:27,188 [INFO]  Epoch[31] Train-cross-entropy=0.119237
2021-02-18 23:47:27,188 [INFO]  Epoch[31] Train-noDescription-accuracy=0.000000
2021-02-18 23:47:27,189 [INFO]  Epoch[31] Time cost=0.594
2021-02-18 23:47:27,191 [INFO]  Saved checkpoint to "./noDescription/model-0031.params"
2021-02-18 23:47:27,256 [INFO]  Epoch[31] Validation-cross-entropy=0.117912
2021-02-18 23:47:27,256 [INFO]  Epoch[31] Validation-noDescription-accuracy=0.000000
2021-02-18 23:47:27,541 [INFO]  Epoch[32] Batch [0-42]	Speed: 2422.79 samples/sec	cross-entropy=0.055290	noDescription-accuracy=0.000000
2021-02-18 23:47:27,824 [INFO]  Epoch[32] Train-cross-entropy=0.130788
2021-02-18 23:47:27,824 [INFO]  Epoch[32] Train-noDescription-accuracy=0.000000
2021-02-18 23:47:27,824 [INFO]  Epoch[32] Time cost=0.568
2021-02-18 23:47:27,827 [INFO]  Saved checkpoint to "./noDescription/model-0032.params"
2021-02-18 23:47:27,890 [INFO]  Epoch[32] Validation-cross-entropy=0.127160
2021-02-18 23:47:27,890 [INFO]  Epoch[32] Validation-noDescription-accuracy=0.000000
2021-02-18 23:47:28,191 [INFO]  Epoch[33] Batch [0-42]	Speed: 2290.27 samples/sec	cross-entropy=0.062952	noDescription-accuracy=0.000000
2021-02-18 23:47:28,507 [INFO]  Epoch[33] Train-cross-entropy=0.123811
2021-02-18 23:47:28,507 [INFO]  Epoch[33] Train-noDescription-accuracy=0.000000
2021-02-18 23:47:28,507 [INFO]  Epoch[33] Time cost=0.617
2021-02-18 23:47:28,509 [INFO]  Saved checkpoint to "./noDescription/model-0033.params"
2021-02-18 23:47:28,567 [INFO]  Epoch[33] Validation-cross-entropy=0.111787
2021-02-18 23:47:28,567 [INFO]  Epoch[33] Validation-noDescription-accuracy=0.000000
2021-02-18 23:47:28,848 [INFO]  Epoch[34] Batch [0-42]	Speed: 2455.67 samples/sec	cross-entropy=0.051157	noDescription-accuracy=0.000000
2021-02-18 23:47:29,113 [INFO]  Epoch[34] Train-cross-entropy=0.115555
2021-02-18 23:47:29,113 [INFO]  Epoch[34] Train-noDescription-accuracy=0.000000
2021-02-18 23:47:29,113 [INFO]  Epoch[34] Time cost=0.546
2021-02-18 23:47:29,115 [INFO]  Saved checkpoint to "./noDescription/model-0034.params"
2021-02-18 23:47:29,174 [INFO]  Epoch[34] Validation-cross-entropy=0.107241
2021-02-18 23:47:29,174 [INFO]  Epoch[34] Validation-noDescription-accuracy=0.000000
2021-02-18 23:47:29,451 [INFO]  Epoch[35] Batch [0-42]	Speed: 2481.46 samples/sec	cross-entropy=0.050250	noDescription-accuracy=0.000000
2021-02-18 23:47:29,718 [INFO]  Epoch[35] Train-cross-entropy=0.114306
2021-02-18 23:47:29,718 [INFO]  Epoch[35] Train-noDescription-accuracy=0.000000
2021-02-18 23:47:29,718 [INFO]  Epoch[35] Time cost=0.544
2021-02-18 23:47:29,720 [INFO]  Saved checkpoint to "./noDescription/model-0035.params"
2021-02-18 23:47:29,780 [INFO]  Epoch[35] Validation-cross-entropy=0.105382
2021-02-18 23:47:29,780 [INFO]  Epoch[35] Validation-noDescription-accuracy=0.000000
2021-02-18 23:47:30,059 [INFO]  Epoch[36] Batch [0-42]	Speed: 2473.18 samples/sec	cross-entropy=0.049015	noDescription-accuracy=0.000000
2021-02-18 23:47:30,324 [INFO]  Epoch[36] Train-cross-entropy=0.111925
2021-02-18 23:47:30,324 [INFO]  Epoch[36] Train-noDescription-accuracy=0.000000
2021-02-18 23:47:30,324 [INFO]  Epoch[36] Time cost=0.544
2021-02-18 23:47:30,326 [INFO]  Saved checkpoint to "./noDescription/model-0036.params"
2021-02-18 23:47:30,385 [INFO]  Epoch[36] Validation-cross-entropy=0.102197
2021-02-18 23:47:30,385 [INFO]  Epoch[36] Validation-noDescription-accuracy=0.000000
2021-02-18 23:47:30,663 [INFO]  Epoch[37] Batch [0-42]	Speed: 2477.22 samples/sec	cross-entropy=0.046029	noDescription-accuracy=0.000000
2021-02-18 23:47:30,928 [INFO]  Epoch[37] Train-cross-entropy=0.109316
2021-02-18 23:47:30,928 [INFO]  Epoch[37] Train-noDescription-accuracy=0.000000
2021-02-18 23:47:30,928 [INFO]  Epoch[37] Time cost=0.543
2021-02-18 23:47:30,931 [INFO]  Saved checkpoint to "./noDescription/model-0037.params"
2021-02-18 23:47:30,990 [INFO]  Epoch[37] Validation-cross-entropy=0.096339
2021-02-18 23:47:30,990 [INFO]  Epoch[37] Validation-noDescription-accuracy=0.000000
2021-02-18 23:47:31,268 [INFO]  Epoch[38] Batch [0-42]	Speed: 2480.76 samples/sec	cross-entropy=0.043753	noDescription-accuracy=0.000000
2021-02-18 23:47:31,532 [INFO]  Epoch[38] Train-cross-entropy=0.108556
2021-02-18 23:47:31,532 [INFO]  Epoch[38] Train-noDescription-accuracy=0.000000
2021-02-18 23:47:31,532 [INFO]  Epoch[38] Time cost=0.542
2021-02-18 23:47:31,535 [INFO]  Saved checkpoint to "./noDescription/model-0038.params"
2021-02-18 23:47:31,595 [INFO]  Epoch[38] Validation-cross-entropy=0.095565
2021-02-18 23:47:31,595 [INFO]  Epoch[38] Validation-noDescription-accuracy=0.000000
2021-02-18 23:47:31,872 [INFO]  Epoch[39] Batch [0-42]	Speed: 2488.29 samples/sec	cross-entropy=0.041021	noDescription-accuracy=0.000000
2021-02-18 23:47:32,135 [INFO]  Epoch[39] Train-cross-entropy=0.132626
2021-02-18 23:47:32,135 [INFO]  Epoch[39] Train-noDescription-accuracy=0.000000
2021-02-18 23:47:32,135 [INFO]  Epoch[39] Time cost=0.540
2021-02-18 23:47:32,137 [INFO]  Saved checkpoint to "./noDescription/model-0039.params"
2021-02-18 23:47:32,196 [INFO]  Epoch[39] Validation-cross-entropy=0.094631
2021-02-18 23:47:32,196 [INFO]  Epoch[39] Validation-noDescription-accuracy=0.000000
2021-02-18 23:47:32,470 [INFO]  Epoch[40] Batch [0-42]	Speed: 2506.52 samples/sec	cross-entropy=0.071119	noDescription-accuracy=0.000000
2021-02-18 23:47:32,732 [INFO]  Epoch[40] Train-cross-entropy=0.136669
2021-02-18 23:47:32,732 [INFO]  Epoch[40] Train-noDescription-accuracy=0.000000
2021-02-18 23:47:32,732 [INFO]  Epoch[40] Time cost=0.536
2021-02-18 23:47:32,735 [INFO]  Saved checkpoint to "./noDescription/model-0040.params"
2021-02-18 23:47:32,793 [INFO]  Epoch[40] Validation-cross-entropy=0.097108
2021-02-18 23:47:32,793 [INFO]  Epoch[40] Validation-noDescription-accuracy=0.000000
2021-02-18 23:47:33,070 [INFO]  Epoch[41] Batch [0-42]	Speed: 2493.27 samples/sec	cross-entropy=0.047434	noDescription-accuracy=0.000000
2021-02-18 23:47:33,334 [INFO]  Epoch[41] Train-cross-entropy=0.112347
2021-02-18 23:47:33,334 [INFO]  Epoch[41] Train-noDescription-accuracy=0.000000
2021-02-18 23:47:33,335 [INFO]  Epoch[41] Time cost=0.541
2021-02-18 23:47:33,336 [INFO]  Saved checkpoint to "./noDescription/model-0041.params"
2021-02-18 23:47:33,399 [INFO]  Epoch[41] Validation-cross-entropy=0.087393
2021-02-18 23:47:33,399 [INFO]  Epoch[41] Validation-noDescription-accuracy=0.000000
2021-02-18 23:47:33,673 [INFO]  Epoch[42] Batch [0-42]	Speed: 2506.02 samples/sec	cross-entropy=0.037646	noDescription-accuracy=0.000000
2021-02-18 23:47:33,939 [INFO]  Epoch[42] Train-cross-entropy=0.106509
2021-02-18 23:47:33,939 [INFO]  Epoch[42] Train-noDescription-accuracy=0.000000
2021-02-18 23:47:33,939 [INFO]  Epoch[42] Time cost=0.540
2021-02-18 23:47:33,941 [INFO]  Saved checkpoint to "./noDescription/model-0042.params"
2021-02-18 23:47:33,999 [INFO]  Epoch[42] Validation-cross-entropy=0.081449
2021-02-18 23:47:34,000 [INFO]  Epoch[42] Validation-noDescription-accuracy=0.000000
2021-02-18 23:47:34,274 [INFO]  Epoch[43] Batch [0-42]	Speed: 2508.56 samples/sec	cross-entropy=0.040780	noDescription-accuracy=0.000000
2021-02-18 23:47:34,536 [INFO]  Epoch[43] Train-cross-entropy=0.103687
2021-02-18 23:47:34,536 [INFO]  Epoch[43] Train-noDescription-accuracy=0.000000
2021-02-18 23:47:34,536 [INFO]  Epoch[43] Time cost=0.537
2021-02-18 23:47:34,538 [INFO]  Saved checkpoint to "./noDescription/model-0043.params"
2021-02-18 23:47:34,597 [INFO]  Epoch[43] Validation-cross-entropy=0.077357
2021-02-18 23:47:34,597 [INFO]  Epoch[43] Validation-noDescription-accuracy=0.000000
2021-02-18 23:47:34,871 [INFO]  Epoch[44] Batch [0-42]	Speed: 2505.91 samples/sec	cross-entropy=0.043732	noDescription-accuracy=0.000000
2021-02-18 23:47:35,188 [INFO]  Epoch[44] Train-cross-entropy=0.102910
2021-02-18 23:47:35,188 [INFO]  Epoch[44] Train-noDescription-accuracy=0.000000
2021-02-18 23:47:35,188 [INFO]  Epoch[44] Time cost=0.591
2021-02-18 23:47:35,190 [INFO]  Saved checkpoint to "./noDescription/model-0044.params"
2021-02-18 23:47:35,255 [INFO]  Epoch[44] Validation-cross-entropy=0.077819
2021-02-18 23:47:35,256 [INFO]  Epoch[44] Validation-noDescription-accuracy=0.000000
2021-02-18 23:47:35,540 [INFO]  Epoch[45] Batch [0-42]	Speed: 2421.23 samples/sec	cross-entropy=0.044643	noDescription-accuracy=0.000000
2021-02-18 23:47:35,829 [INFO]  Epoch[45] Train-cross-entropy=0.101736
2021-02-18 23:47:35,829 [INFO]  Epoch[45] Train-noDescription-accuracy=0.000000
2021-02-18 23:47:35,829 [INFO]  Epoch[45] Time cost=0.573
2021-02-18 23:47:35,831 [INFO]  Saved checkpoint to "./noDescription/model-0045.params"
2021-02-18 23:47:35,893 [INFO]  Epoch[45] Validation-cross-entropy=0.073253
2021-02-18 23:47:35,893 [INFO]  Epoch[45] Validation-noDescription-accuracy=0.000000
2021-02-18 23:47:36,172 [INFO]  Epoch[46] Batch [0-42]	Speed: 2466.15 samples/sec	cross-entropy=0.042291	noDescription-accuracy=0.000000
2021-02-18 23:47:36,436 [INFO]  Epoch[46] Train-cross-entropy=0.098263
2021-02-18 23:47:36,437 [INFO]  Epoch[46] Train-noDescription-accuracy=0.000000
2021-02-18 23:47:36,437 [INFO]  Epoch[46] Time cost=0.544
2021-02-18 23:47:36,438 [INFO]  Saved checkpoint to "./noDescription/model-0046.params"
2021-02-18 23:47:36,497 [INFO]  Epoch[46] Validation-cross-entropy=0.069961
2021-02-18 23:47:36,497 [INFO]  Epoch[46] Validation-noDescription-accuracy=0.000000
2021-02-18 23:47:36,773 [INFO]  Epoch[47] Batch [0-42]	Speed: 2499.41 samples/sec	cross-entropy=0.037757	noDescription-accuracy=0.000000
2021-02-18 23:47:37,035 [INFO]  Epoch[47] Train-cross-entropy=0.094350
2021-02-18 23:47:37,035 [INFO]  Epoch[47] Train-noDescription-accuracy=0.000000
2021-02-18 23:47:37,035 [INFO]  Epoch[47] Time cost=0.538
2021-02-18 23:47:37,037 [INFO]  Saved checkpoint to "./noDescription/model-0047.params"
2021-02-18 23:47:37,096 [INFO]  Epoch[47] Validation-cross-entropy=0.066681
2021-02-18 23:47:37,096 [INFO]  Epoch[47] Validation-noDescription-accuracy=0.000000
2021-02-18 23:47:37,370 [INFO]  Epoch[48] Batch [0-42]	Speed: 2505.83 samples/sec	cross-entropy=0.039597	noDescription-accuracy=0.000000
2021-02-18 23:47:37,634 [INFO]  Epoch[48] Train-cross-entropy=0.094501
2021-02-18 23:47:37,634 [INFO]  Epoch[48] Train-noDescription-accuracy=0.000000
2021-02-18 23:47:37,634 [INFO]  Epoch[48] Time cost=0.538
2021-02-18 23:47:37,636 [INFO]  Saved checkpoint to "./noDescription/model-0048.params"
2021-02-18 23:47:37,694 [INFO]  Epoch[48] Validation-cross-entropy=0.064928
2021-02-18 23:47:37,694 [INFO]  Epoch[48] Validation-noDescription-accuracy=0.000000
2021-02-18 23:47:37,973 [INFO]  Epoch[49] Batch [0-42]	Speed: 2464.21 samples/sec	cross-entropy=0.038092	noDescription-accuracy=0.000000
2021-02-18 23:47:38,241 [INFO]  Epoch[49] Train-cross-entropy=0.092061
2021-02-18 23:47:38,241 [INFO]  Epoch[49] Train-noDescription-accuracy=0.000000
2021-02-18 23:47:38,241 [INFO]  Epoch[49] Time cost=0.547
2021-02-18 23:47:38,243 [INFO]  Saved checkpoint to "./noDescription/model-0049.params"
2021-02-18 23:47:38,301 [INFO]  Epoch[49] Validation-cross-entropy=0.061587
2021-02-18 23:47:38,302 [INFO]  Epoch[49] Validation-noDescription-accuracy=0.000000
2021-02-18 23:47:38,577 [INFO]  Epoch[50] Batch [0-42]	Speed: 2499.33 samples/sec	cross-entropy=0.034097	noDescription-accuracy=0.000000
2021-02-18 23:47:38,840 [INFO]  Epoch[50] Train-cross-entropy=0.087414
2021-02-18 23:47:38,841 [INFO]  Epoch[50] Train-noDescription-accuracy=0.000000
2021-02-18 23:47:38,841 [INFO]  Epoch[50] Time cost=0.540
2021-02-18 23:47:38,844 [INFO]  Saved checkpoint to "./noDescription/model-0050.params"
2021-02-18 23:47:38,903 [INFO]  Epoch[50] Validation-cross-entropy=0.060279
2021-02-18 23:47:38,905 [INFO]  Epoch[50] Validation-noDescription-accuracy=0.000000
2021-02-18 23:47:39,182 [INFO]  Epoch[51] Batch [0-42]	Speed: 2497.88 samples/sec	cross-entropy=0.038010	noDescription-accuracy=0.000000
2021-02-18 23:47:39,444 [INFO]  Epoch[51] Train-cross-entropy=0.091659
2021-02-18 23:47:39,444 [INFO]  Epoch[51] Train-noDescription-accuracy=0.000000
2021-02-18 23:47:39,444 [INFO]  Epoch[51] Time cost=0.538
2021-02-18 23:47:39,446 [INFO]  Saved checkpoint to "./noDescription/model-0051.params"
2021-02-18 23:47:39,504 [INFO]  Epoch[51] Validation-cross-entropy=0.060273
2021-02-18 23:47:39,504 [INFO]  Epoch[51] Validation-noDescription-accuracy=0.000000
2021-02-18 23:47:39,779 [INFO]  Epoch[52] Batch [0-42]	Speed: 2504.74 samples/sec	cross-entropy=0.033928	noDescription-accuracy=0.000000
2021-02-18 23:47:40,043 [INFO]  Epoch[52] Train-cross-entropy=0.092967
2021-02-18 23:47:40,043 [INFO]  Epoch[52] Train-noDescription-accuracy=0.000000
2021-02-18 23:47:40,043 [INFO]  Epoch[52] Time cost=0.540
2021-02-18 23:47:40,046 [INFO]  Saved checkpoint to "./noDescription/model-0052.params"
2021-02-18 23:47:40,105 [INFO]  Epoch[52] Validation-cross-entropy=0.066774
2021-02-18 23:47:40,105 [INFO]  Epoch[52] Validation-noDescription-accuracy=0.000000
2021-02-18 23:47:40,383 [INFO]  Epoch[53] Batch [0-42]	Speed: 2471.91 samples/sec	cross-entropy=0.067730	noDescription-accuracy=0.000000
2021-02-18 23:47:40,649 [INFO]  Epoch[53] Train-cross-entropy=0.115372
2021-02-18 23:47:40,649 [INFO]  Epoch[53] Train-noDescription-accuracy=0.000000
2021-02-18 23:47:40,650 [INFO]  Epoch[53] Time cost=0.545
2021-02-18 23:47:40,652 [INFO]  Saved checkpoint to "./noDescription/model-0053.params"
2021-02-18 23:47:40,711 [INFO]  Epoch[53] Validation-cross-entropy=0.063584
2021-02-18 23:47:40,711 [INFO]  Epoch[53] Validation-noDescription-accuracy=0.000000
2021-02-18 23:47:40,989 [INFO]  Epoch[54] Batch [0-42]	Speed: 2477.41 samples/sec	cross-entropy=0.035857	noDescription-accuracy=0.000000
2021-02-18 23:47:41,257 [INFO]  Epoch[54] Train-cross-entropy=0.089063
2021-02-18 23:47:41,257 [INFO]  Epoch[54] Train-noDescription-accuracy=0.000000
2021-02-18 23:47:41,257 [INFO]  Epoch[54] Time cost=0.546
2021-02-18 23:47:41,259 [INFO]  Saved checkpoint to "./noDescription/model-0054.params"
2021-02-18 23:47:41,318 [INFO]  Epoch[54] Validation-cross-entropy=0.061758
2021-02-18 23:47:41,318 [INFO]  Epoch[54] Validation-noDescription-accuracy=0.000000
2021-02-18 23:47:41,596 [INFO]  Epoch[55] Batch [0-42]	Speed: 2484.52 samples/sec	cross-entropy=0.053180	noDescription-accuracy=0.000000
2021-02-18 23:47:41,865 [INFO]  Epoch[55] Train-cross-entropy=0.103996
2021-02-18 23:47:41,865 [INFO]  Epoch[55] Train-noDescription-accuracy=0.000000
2021-02-18 23:47:41,865 [INFO]  Epoch[55] Time cost=0.546
2021-02-18 23:47:41,867 [INFO]  Saved checkpoint to "./noDescription/model-0055.params"
2021-02-18 23:47:41,926 [INFO]  Epoch[55] Validation-cross-entropy=0.052684
2021-02-18 23:47:41,926 [INFO]  Epoch[55] Validation-noDescription-accuracy=0.000000
2021-02-18 23:47:42,206 [INFO]  Epoch[56] Batch [0-42]	Speed: 2460.99 samples/sec	cross-entropy=0.047852	noDescription-accuracy=0.000000
2021-02-18 23:47:42,471 [INFO]  Epoch[56] Train-cross-entropy=0.103560
2021-02-18 23:47:42,471 [INFO]  Epoch[56] Train-noDescription-accuracy=0.000000
2021-02-18 23:47:42,471 [INFO]  Epoch[56] Time cost=0.545
2021-02-18 23:47:42,473 [INFO]  Saved checkpoint to "./noDescription/model-0056.params"
2021-02-18 23:47:42,533 [INFO]  Epoch[56] Validation-cross-entropy=0.052780
2021-02-18 23:47:42,533 [INFO]  Epoch[56] Validation-noDescription-accuracy=0.000000
2021-02-18 23:47:42,813 [INFO]  Epoch[57] Batch [0-42]	Speed: 2461.30 samples/sec	cross-entropy=0.051497	noDescription-accuracy=0.000000
2021-02-18 23:47:43,082 [INFO]  Epoch[57] Train-cross-entropy=0.100313
2021-02-18 23:47:43,082 [INFO]  Epoch[57] Train-noDescription-accuracy=0.000000
2021-02-18 23:47:43,082 [INFO]  Epoch[57] Time cost=0.549
2021-02-18 23:47:43,084 [INFO]  Saved checkpoint to "./noDescription/model-0057.params"
2021-02-18 23:47:43,144 [INFO]  Epoch[57] Validation-cross-entropy=0.049079
2021-02-18 23:47:43,144 [INFO]  Epoch[57] Validation-noDescription-accuracy=0.000000
2021-02-18 23:47:43,421 [INFO]  Epoch[58] Batch [0-42]	Speed: 2478.38 samples/sec	cross-entropy=0.040385	noDescription-accuracy=0.000000
2021-02-18 23:47:43,686 [INFO]  Epoch[58] Train-cross-entropy=0.090979
2021-02-18 23:47:43,686 [INFO]  Epoch[58] Train-noDescription-accuracy=0.000000
2021-02-18 23:47:43,686 [INFO]  Epoch[58] Time cost=0.542
2021-02-18 23:47:43,688 [INFO]  Saved checkpoint to "./noDescription/model-0058.params"
2021-02-18 23:47:43,747 [INFO]  Epoch[58] Validation-cross-entropy=0.046614
2021-02-18 23:47:43,747 [INFO]  Epoch[58] Validation-noDescription-accuracy=0.000000
2021-02-18 23:47:44,027 [INFO]  Epoch[59] Batch [0-42]	Speed: 2464.14 samples/sec	cross-entropy=0.035423	noDescription-accuracy=0.000000
2021-02-18 23:47:44,293 [INFO]  Epoch[59] Train-cross-entropy=0.081344
2021-02-18 23:47:44,293 [INFO]  Epoch[59] Train-noDescription-accuracy=0.000000
2021-02-18 23:47:44,293 [INFO]  Epoch[59] Time cost=0.545
2021-02-18 23:47:44,295 [INFO]  Saved checkpoint to "./noDescription/model-0059.params"
2021-02-18 23:47:44,353 [INFO]  Epoch[59] Validation-cross-entropy=0.044108
2021-02-18 23:47:44,353 [INFO]  Epoch[59] Validation-noDescription-accuracy=0.000000
2021-02-18 23:47:44,629 [INFO]  Epoch[60] Batch [0-42]	Speed: 2496.30 samples/sec	cross-entropy=0.027997	noDescription-accuracy=0.000000
2021-02-18 23:47:44,892 [INFO]  Epoch[60] Train-cross-entropy=0.073409
2021-02-18 23:47:44,892 [INFO]  Epoch[60] Train-noDescription-accuracy=0.000000
2021-02-18 23:47:44,892 [INFO]  Epoch[60] Time cost=0.539
2021-02-18 23:47:44,895 [INFO]  Saved checkpoint to "./noDescription/model-0060.params"
2021-02-18 23:47:44,954 [INFO]  Epoch[60] Validation-cross-entropy=0.043643
2021-02-18 23:47:44,954 [INFO]  Epoch[60] Validation-noDescription-accuracy=0.000000
2021-02-18 23:47:45,231 [INFO]  Epoch[61] Batch [0-42]	Speed: 2487.57 samples/sec	cross-entropy=0.027912	noDescription-accuracy=0.000000
2021-02-18 23:47:45,500 [INFO]  Epoch[61] Train-cross-entropy=0.073771
2021-02-18 23:47:45,500 [INFO]  Epoch[61] Train-noDescription-accuracy=0.000000
2021-02-18 23:47:45,500 [INFO]  Epoch[61] Time cost=0.546
2021-02-18 23:47:45,502 [INFO]  Saved checkpoint to "./noDescription/model-0061.params"
2021-02-18 23:47:45,561 [INFO]  Epoch[61] Validation-cross-entropy=0.046011
2021-02-18 23:47:45,561 [INFO]  Epoch[61] Validation-noDescription-accuracy=0.000000
2021-02-18 23:47:45,842 [INFO]  Epoch[62] Batch [0-42]	Speed: 2447.73 samples/sec	cross-entropy=0.029147	noDescription-accuracy=0.000000
2021-02-18 23:47:46,112 [INFO]  Epoch[62] Train-cross-entropy=0.073250
2021-02-18 23:47:46,112 [INFO]  Epoch[62] Train-noDescription-accuracy=0.000000
2021-02-18 23:47:46,112 [INFO]  Epoch[62] Time cost=0.551
2021-02-18 23:47:46,114 [INFO]  Saved checkpoint to "./noDescription/model-0062.params"
2021-02-18 23:47:46,175 [INFO]  Epoch[62] Validation-cross-entropy=0.049475
2021-02-18 23:47:46,175 [INFO]  Epoch[62] Validation-noDescription-accuracy=0.000000
2021-02-18 23:47:46,463 [INFO]  Epoch[63] Batch [0-42]	Speed: 2387.59 samples/sec	cross-entropy=0.033926	noDescription-accuracy=0.000000
2021-02-18 23:47:46,735 [INFO]  Epoch[63] Train-cross-entropy=0.078117
2021-02-18 23:47:46,735 [INFO]  Epoch[63] Train-noDescription-accuracy=0.000000
2021-02-18 23:47:46,735 [INFO]  Epoch[63] Time cost=0.560
2021-02-18 23:47:46,737 [INFO]  Saved checkpoint to "./noDescription/model-0063.params"
2021-02-18 23:47:46,797 [INFO]  Epoch[63] Validation-cross-entropy=0.053120
2021-02-18 23:47:46,797 [INFO]  Epoch[63] Validation-noDescription-accuracy=0.000000
2021-02-18 23:47:47,084 [INFO]  Epoch[64] Batch [0-42]	Speed: 2402.60 samples/sec	cross-entropy=0.035728	noDescription-accuracy=0.000000
2021-02-18 23:47:47,357 [INFO]  Epoch[64] Train-cross-entropy=0.078938
2021-02-18 23:47:47,357 [INFO]  Epoch[64] Train-noDescription-accuracy=0.000000
2021-02-18 23:47:47,357 [INFO]  Epoch[64] Time cost=0.560
2021-02-18 23:47:47,360 [INFO]  Saved checkpoint to "./noDescription/model-0064.params"
2021-02-18 23:47:47,420 [INFO]  Epoch[64] Validation-cross-entropy=0.053177
2021-02-18 23:47:47,420 [INFO]  Epoch[64] Validation-noDescription-accuracy=0.000000
2021-02-18 23:47:47,707 [INFO]  Epoch[65] Batch [0-42]	Speed: 2397.56 samples/sec	cross-entropy=0.035606	noDescription-accuracy=0.000000
2021-02-18 23:47:47,978 [INFO]  Epoch[65] Train-cross-entropy=0.080411
2021-02-18 23:47:47,978 [INFO]  Epoch[65] Train-noDescription-accuracy=0.000000
2021-02-18 23:47:47,978 [INFO]  Epoch[65] Time cost=0.558
2021-02-18 23:47:47,980 [INFO]  Saved checkpoint to "./noDescription/model-0065.params"
2021-02-18 23:47:48,043 [INFO]  Epoch[65] Validation-cross-entropy=0.047229
2021-02-18 23:47:48,043 [INFO]  Epoch[65] Validation-noDescription-accuracy=0.000000
2021-02-18 23:47:48,324 [INFO]  Epoch[66] Batch [0-42]	Speed: 2448.17 samples/sec	cross-entropy=0.031169	noDescription-accuracy=0.000000
2021-02-18 23:47:48,592 [INFO]  Epoch[66] Train-cross-entropy=0.080949
2021-02-18 23:47:48,592 [INFO]  Epoch[66] Train-noDescription-accuracy=0.000000
2021-02-18 23:47:48,592 [INFO]  Epoch[66] Time cost=0.550
2021-02-18 23:47:48,594 [INFO]  Saved checkpoint to "./noDescription/model-0066.params"
2021-02-18 23:47:48,658 [INFO]  Epoch[66] Validation-cross-entropy=0.045976
2021-02-18 23:47:48,658 [INFO]  Epoch[66] Validation-noDescription-accuracy=0.000000
2021-02-18 23:47:48,944 [INFO]  Epoch[67] Batch [0-42]	Speed: 2407.23 samples/sec	cross-entropy=0.028761	noDescription-accuracy=0.000000
2021-02-18 23:47:49,215 [INFO]  Epoch[67] Train-cross-entropy=0.090909
2021-02-18 23:47:49,215 [INFO]  Epoch[67] Train-noDescription-accuracy=0.000000
2021-02-18 23:47:49,215 [INFO]  Epoch[67] Time cost=0.557
2021-02-18 23:47:49,217 [INFO]  Saved checkpoint to "./noDescription/model-0067.params"
2021-02-18 23:47:49,277 [INFO]  Epoch[67] Validation-cross-entropy=0.054824
2021-02-18 23:47:49,277 [INFO]  Epoch[67] Validation-noDescription-accuracy=0.000000
2021-02-18 23:47:49,563 [INFO]  Epoch[68] Batch [0-42]	Speed: 2408.45 samples/sec	cross-entropy=0.041375	noDescription-accuracy=0.000000
2021-02-18 23:47:49,836 [INFO]  Epoch[68] Train-cross-entropy=0.100564
2021-02-18 23:47:49,836 [INFO]  Epoch[68] Train-noDescription-accuracy=0.000000
2021-02-18 23:47:49,836 [INFO]  Epoch[68] Time cost=0.559
2021-02-18 23:47:49,838 [INFO]  Saved checkpoint to "./noDescription/model-0068.params"
2021-02-18 23:47:49,899 [INFO]  Epoch[68] Validation-cross-entropy=0.062807
2021-02-18 23:47:49,899 [INFO]  Epoch[68] Validation-noDescription-accuracy=0.000000
2021-02-18 23:47:50,185 [INFO]  Epoch[69] Batch [0-42]	Speed: 2415.21 samples/sec	cross-entropy=0.045407	noDescription-accuracy=0.000000
