[INFO  - 2018-02-20T11:16:49.045Z] GhostDriver - Main - running on port 57116
[INFO  - 2018-02-20T11:16:49.367Z] Session [8b72a320-162f-11e8-9e66-53eb832dabc6] - page.settings - {"XSSAuditingEnabled":false,"javascriptCanCloseWindows":true,"javascriptCanOpenWindows":true,"javascriptEnabled":true,"loadImages":true,"localToRemoteUrlAccessEnabled":false,"userAgent":"Mozilla/5.0 (Macintosh; Intel Mac OS X) AppleWebKit/538.1 (KHTML, like Gecko) PhantomJS/2.1.1 Safari/538.1","webSecurityEnabled":true}
[INFO  - 2018-02-20T11:16:49.367Z] Session [8b72a320-162f-11e8-9e66-53eb832dabc6] - page.customHeaders:  - {}
[INFO  - 2018-02-20T11:16:49.367Z] Session [8b72a320-162f-11e8-9e66-53eb832dabc6] - Session.negotiatedCapabilities - {"browserName":"phantomjs","version":"2.1.1","driverName":"ghostdriver","driverVersion":"1.2.0","platform":"mac-unknown-64bit","javascriptEnabled":true,"takesScreenshot":true,"handlesAlerts":false,"databaseEnabled":false,"locationContextEnabled":false,"applicationCacheEnabled":false,"browserConnectionEnabled":false,"cssSelectorsEnabled":true,"webStorageEnabled":false,"rotatable":false,"acceptSslCerts":false,"nativeEvents":true,"proxy":{"proxyType":"direct"}}
[INFO  - 2018-02-20T11:16:49.367Z] SessionManagerReqHand - _postNewSessionCommand - New Session Created: 8b72a320-162f-11e8-9e66-53eb832dabc6
[ERROR - 2018-02-20T11:16:52.375Z] Session [8b72a320-162f-11e8-9e66-53eb832dabc6] - page.onError - msg: TypeError: undefined is not an object (evaluating 'delete window.jstiming.Fd[d]')

  phantomjs://platform/console++.js:263 in error
[ERROR - 2018-02-20T11:16:52.385Z] Session [8b72a320-162f-11e8-9e66-53eb832dabc6] - page.onError - stack:
  onerror (https://translate.google.co.kr/translate/releases/twsfe_w_20180212_RC00/r/js/desktop_module_main.js:801)

  phantomjs://platform/console++.js:263 in error
[ERROR - 2018-02-20T11:16:52.843Z] WebElementLocator - _handleLocateCommand - Element(s) NOT Found: GAVE UP. Search Stop Time: 1519125412781

  phantomjs://platform/console++.js:263 in error
[INFO  - 2018-02-20T11:21:49.074Z] SessionManagerReqHand - _cleanupWindowlessSessions - Asynchronous Sessions clean-up phase starting NOW
[INFO  - 2018-02-20T11:26:49.060Z] SessionManagerReqHand - _cleanupWindowlessSessions - Asynchronous Sessions clean-up phase starting NOW
[INFO  - 2018-02-20T11:31:49.074Z] SessionManagerReqHand - _cleanupWindowlessSessions - Asynchronous Sessions clean-up phase starting NOW
[INFO  - 2018-02-20T11:36:49.095Z] SessionManagerReqHand - _cleanupWindowlessSessions - Asynchronous Sessions clean-up phase starting NOW
[INFO  - 2018-02-20T11:41:49.103Z] SessionManagerReqHand - _cleanupWindowlessSessions - Asynchronous Sessions clean-up phase starting NOW
[INFO  - 2018-02-20T11:46:49.111Z] SessionManagerReqHand - _cleanupWindowlessSessions - Asynchronous Sessions clean-up phase starting NOW
[INFO  - 2018-02-20T11:51:49.143Z] SessionManagerReqHand - _cleanupWindowlessSessions - Asynchronous Sessions clean-up phase starting NOW
[INFO  - 2018-02-20T11:56:49.152Z] SessionManagerReqHand - _cleanupWindowlessSessions - Asynchronous Sessions clean-up phase starting NOW
[INFO  - 2018-02-20T12:01:49.163Z] SessionManagerReqHand - _cleanupWindowlessSessions - Asynchronous Sessions clean-up phase starting NOW
[INFO  - 2018-02-20T12:06:49.192Z] SessionManagerReqHand - _cleanupWindowlessSessions - Asynchronous Sessions clean-up phase starting NOW
[INFO  - 2018-02-20T12:11:49.206Z] SessionManagerReqHand - _cleanupWindowlessSessions - Asynchronous Sessions clean-up phase starting NOW
[INFO  - 2018-02-20T12:16:49.217Z] SessionManagerReqHand - _cleanupWindowlessSessions - Asynchronous Sessions clean-up phase starting NOW
[INFO  - 2018-02-20T12:21:49.238Z] SessionManagerReqHand - _cleanupWindowlessSessions - Asynchronous Sessions clean-up phase starting NOW
[INFO  - 2018-02-20T12:26:49.248Z] SessionManagerReqHand - _cleanupWindowlessSessions - Asynchronous Sessions clean-up phase starting NOW
[INFO  - 2018-02-20T12:31:49.256Z] SessionManagerReqHand - _cleanupWindowlessSessions - Asynchronous Sessions clean-up phase starting NOW
